<?xml version="1.0" encoding="UTF-8"?>
<!-- Generated by org.testng.reporters.JUnitReportReporter -->
<testsuite hostname="DESKTOP-I8KLFNC" failures="0" tests="1" name="CRUD_Operations_WithoutBDD.DeleteProject" time="4.755" errors="0" timestamp="2022-07-07T15:02:54 IST" skipped="0">
  <testcase classname="CRUD_Operations_WithoutBDD.DeleteProject" name="getParticularProjectTest" time="4.755"/>
  <system-out/>
</testsuite> <!-- CRUD_Operations_WithoutBDD.DeleteProject -->
