<?xml version="1.0" encoding="UTF-8"?>
<!-- Generated by org.testng.reporters.JUnitReportReporter -->
<testsuite hostname="DESKTOP-I8KLFNC" failures="0" tests="1" name="ResponseValidation.DynamicResponse" time="8.759" errors="0" timestamp="2022-07-08T15:36:11 IST" skipped="0">
  <testcase classname="ResponseValidation.DynamicResponse" name="staticResponse" time="8.759"/>
  <system-out/>
</testsuite> <!-- ResponseValidation.DynamicResponse -->
