<?xml version="1.0" encoding="UTF-8"?>
<!-- Generated by org.testng.reporters.JUnitReportReporter -->
<testsuite hostname="DESKTOP-I8KLFNC" failures="0" tests="1" name="CRUD_Operations_WithoutBDD.UpdateProject" time="6.407" errors="0" timestamp="2022-07-07T14:33:28 IST" skipped="0">
  <testcase classname="CRUD_Operations_WithoutBDD.UpdateProject" name="createProjectTest" time="6.407"/>
  <system-out/>
</testsuite> <!-- CRUD_Operations_WithoutBDD.UpdateProject -->
