<?xml version="1.0" encoding="UTF-8"?>
<!-- Generated by org.testng.reporters.JUnitReportReporter -->
<testsuite hostname="DESKTOP-I8KLFNC" failures="0" tests="1" name="CRUD_Opearations_WithBDD.UpdateProjectTest" time="6.628" errors="0" timestamp="2022-07-07T16:33:11 IST" skipped="0">
  <testcase classname="CRUD_Opearations_WithBDD.UpdateProjectTest" name="updateProject" time="6.628"/>
  <system-out/>
</testsuite> <!-- CRUD_Opearations_WithBDD.UpdateProjectTest -->
