<?xml version="1.0" encoding="UTF-8"?>
<!-- Generated by org.testng.reporters.JUnitReportReporter -->
<testsuite hostname="DESKTOP-I8KLFNC" failures="0" tests="1" name="Parameter.QueryParameter" time="6.415" errors="0" timestamp="2022-07-08T16:59:08 IST" skipped="0">
  <testcase classname="Parameter.QueryParameter" name="queryParam" time="6.415"/>
  <system-out/>
</testsuite> <!-- Parameter.QueryParameter -->
