<?xml version="1.0" encoding="UTF-8"?>
<!-- Generated by org.testng.reporters.JUnitReportReporter -->
<testsuite hostname="DESKTOP-I8KLFNC" failures="0" tests="1" name="CRUD_Opearations_WithBDD.GetAllProjectsTest" time="5.916" errors="0" timestamp="2022-07-08T12:59:28 IST" skipped="0">
  <testcase classname="CRUD_Opearations_WithBDD.GetAllProjectsTest" name="getAllProjects" time="5.916"/>
  <system-out/>
</testsuite> <!-- CRUD_Opearations_WithBDD.GetAllProjectsTest -->
