<?xml version="1.0" encoding="UTF-8"?>
<!-- Generated by org.testng.reporters.JUnitReportReporter -->
<testsuite hostname="DESKTOP-I8KLFNC" failures="0" tests="1" name="RequestChaining.CreateProjectAndGet" time="9.008" errors="0" timestamp="2022-07-08T22:04:11 IST" skipped="0">
  <testcase classname="RequestChaining.CreateProjectAndGet" name="createProject" time="9.008"/>
  <system-out>
    <![CDATA[TY_PROJ_607]]>
  </system-out>
</testsuite> <!-- RequestChaining.CreateProjectAndGet -->
