<?xml version="1.0" encoding="UTF-8"?>
<!-- Generated by org.testng.reporters.JUnitReportReporter -->
<testsuite hostname="DESKTOP-I8KLFNC" failures="0" tests="1" name="RequestChaining.Create_Get_Delete" time="9.326" errors="0" timestamp="2022-07-10T19:50:05 IST" skipped="0">
  <testcase classname="RequestChaining.Create_Get_Delete" name="createGetDelete" time="9.326"/>
  <system-out>
    <![CDATA[TY_PROJ_1003]]>
  </system-out>
</testsuite> <!-- RequestChaining.Create_Get_Delete -->
