<?xml version="1.0" encoding="UTF-8"?>
<!-- Generated by org.testng.reporters.JUnitReportReporter -->
<testsuite hostname="DESKTOP-I8KLFNC" failures="0" tests="1" name="ResponseValidation.StaticResponse" time="7.916" errors="0" timestamp="2022-07-08T15:41:17 IST" skipped="0">
  <testcase classname="ResponseValidation.StaticResponse" name="staticResponse" time="7.916"/>
  <system-out/>
</testsuite> <!-- ResponseValidation.StaticResponse -->
