<?xml version="1.0" encoding="UTF-8"?>
<!-- Generated by org.testng.reporters.JUnitReportReporter -->
<testsuite hostname="DESKTOP-I8KLFNC" failures="0" tests="1" name="Authentication.BasicAuth" time="5.807" errors="0" timestamp="2022-07-11T12:23:29 IST" skipped="0">
  <testcase classname="Authentication.BasicAuth" name="preemptiveAuthTest" time="5.807"/>
  <system-out/>
</testsuite> <!-- Authentication.BasicAuth -->
