<?xml version="1.0" encoding="UTF-8"?>
<!-- Generated by org.testng.reporters.JUnitReportReporter -->
<testsuite hostname="DESKTOP-I8KLFNC" failures="0" tests="1" name="DifferentWaysToPost.CreateUsingHashMap" time="5.190" errors="0" timestamp="2022-07-07T19:15:41 IST" skipped="0">
  <testcase classname="DifferentWaysToPost.CreateUsingHashMap" name="createProject" time="5.190"/>
  <system-out/>
</testsuite> <!-- DifferentWaysToPost.CreateUsingHashMap -->
