<?xml version="1.0" encoding="UTF-8"?>
<!-- Generated by org.testng.reporters.JUnitReportReporter -->
<testsuite hostname="DESKTOP-I8KLFNC" failures="0" tests="1" name="DifferentWaysToPost.CreateUsingJsonFile" time="4.576" errors="0" timestamp="2022-07-07T19:31:16 IST" skipped="0">
  <testcase classname="DifferentWaysToPost.CreateUsingJsonFile" name="createProject" time="4.576"/>
  <system-out/>
</testsuite> <!-- DifferentWaysToPost.CreateUsingJsonFile -->
