<?xml version="1.0" encoding="UTF-8"?>
<!-- Generated by org.testng.reporters.JUnitReportReporter -->
<testsuite hostname="DESKTOP-I8KLFNC" failures="0" tests="1" name="CRUD_Opearations_WithBDD.DeleteProjectTest" time="7.483" errors="0" timestamp="2022-07-07T17:13:30 IST" skipped="0">
  <testcase classname="CRUD_Opearations_WithBDD.DeleteProjectTest" name="deleteProject" time="7.483"/>
  <system-out/>
</testsuite> <!-- CRUD_Opearations_WithBDD.DeleteProjectTest -->
