<?xml version="1.0" encoding="UTF-8"?>
<!-- Generated by org.testng.reporters.JUnitReportReporter -->
<testsuite hostname="DESKTOP-I8KLFNC" failures="0" tests="1" name="DifferentWaysToPost.CreateUsingPogoClass" time="6.048" errors="0" timestamp="2022-07-08T11:26:18 IST" skipped="0">
  <testcase classname="DifferentWaysToPost.CreateUsingPogoClass" name="createProject" time="6.048"/>
  <system-out/>
</testsuite> <!-- DifferentWaysToPost.CreateUsingPogoClass -->
