<?xml version="1.0" encoding="UTF-8"?>
<!-- Generated by org.testng.reporters.JUnitReportReporter -->
<testsuite hostname="DESKTOP-I8KLFNC" failures="0" tests="1" name="Authentication.BearerToken" time="10.829" errors="0" timestamp="2022-07-11T12:43:50 IST" skipped="0">
  <testcase classname="Authentication.BearerToken" name="bearerTokenTest" time="10.829"/>
  <system-out/>
</testsuite> <!-- Authentication.BearerToken -->
