<?xml version="1.0" encoding="UTF-8"?>
<!-- Generated by org.testng.reporters.JUnitReportReporter -->
<testsuite hostname="DESKTOP-I8KLFNC" failures="0" tests="1" name="CRUD_Operations_WithoutBDD.GetParticularProject" time="5.617" errors="0" timestamp="2022-07-07T13:16:05 IST" skipped="0">
  <testcase classname="CRUD_Operations_WithoutBDD.GetParticularProject" name="getParticularProjectTest" time="5.617"/>
  <system-out/>
</testsuite> <!-- CRUD_Operations_WithoutBDD.GetParticularProject -->
