<?xml version="1.0" encoding="UTF-8"?>
<!-- Generated by org.testng.reporters.JUnitReportReporter -->
<testsuite hostname="DESKTOP-I8KLFNC" failures="0" tests="1" name="RequestChaining.Create_Update" time="11.862" errors="0" timestamp="2022-07-11T10:46:19 IST" skipped="0">
  <testcase classname="RequestChaining.Create_Update" name="createUpdate" time="11.862"/>
  <system-out>
    <![CDATA[TY_PROJ_1202]]>
  </system-out>
</testsuite> <!-- RequestChaining.Create_Update -->
