<?xml version="1.0" encoding="UTF-8"?>
<!-- Generated by org.testng.reporters.JUnitReportReporter -->
<testsuite hostname="DESKTOP-I8KLFNC" failures="0" tests="1" name="CRUD_Operations_WithoutBDD.GetProject" time="5.546" errors="0" timestamp="2022-07-07T16:36:28 IST" skipped="0">
  <testcase classname="CRUD_Operations_WithoutBDD.GetProject" name="getProjectTest" time="5.546"/>
  <system-out/>
</testsuite> <!-- CRUD_Operations_WithoutBDD.GetProject -->
