<?xml version="1.0" encoding="UTF-8"?>
<!-- Generated by org.testng.reporters.JUnitReportReporter -->
<testsuite hostname="DESKTOP-I8KLFNC" failures="0" tests="1" name="Parameter.PathParameter" time="5.847" errors="0" timestamp="2022-07-08T16:55:08 IST" skipped="0">
  <testcase classname="Parameter.PathParameter" name="pathParameter" time="5.847"/>
  <system-out/>
</testsuite> <!-- Parameter.PathParameter -->
